{"uuid":"42a972f6-5881-4896-b51b-04b2bb448487","historyId":"6e90c799f42edfe07bd6b6a904236950","fullName":"Login to CRM: Empty Username and Password","labels":[{"name":"host","value":"LAPTOP-61Q7V37F"},{"name":"thread","value":"23044@LAPTOP-61Q7V37F.main(1)"},{"name":"feature","value":"Login to CRM"},{"name":"story","value":"Empty Username and Password"},{"name":"suite","value":"Login to CRM"},{"name":"testClass","value":"Empty Username and Password"},{"name":"framework","value":"cucumber4jvm"},{"name":"language","value":"java"},{"name":"gherkin_uri","value":"file:///D:/TestJAVA/JAVA/CucumberCRM/src/test/resources/features/LoginCRM.feature"},{"name":"package","value":"src.test.resources.features.LoginCRM_feature.Login to CRM"}],"links":[],"name":"Empty Username and Password","status":"failed","statusDetails":{"known":false,"muted":false,"flaky":false,"message":"Fail. Not match. 'The Password field is required.' != 'The Email Address field is required.' expected [The Email Address field is required.] but found [The Password field is required.]","trace":"java.lang.AssertionError: Fail. Not match. 'The Password field is required.' != 'The Email Address field is required.' expected [The Email Address field is required.] but found [The Password field is required.]\r\n\tat org.testng.Assert.fail(Assert.java:111)\r\n\tat org.testng.Assert.failNotEquals(Assert.java:1578)\r\n\tat org.testng.Assert.assertEqualsImpl(Assert.java:150)\r\n\tat org.testng.Assert.assertEquals(Assert.java:132)\r\n\tat com.thanh.keywords.WebUI.verifyEquals(WebUI.java:79)\r\n\tat com.thanh.pages.LoginCRMPage.verifyEmptyMessageEmail(LoginCRMPage.java:57)\r\n\tat com.thanh.stepdefinitions.StepsLoginCRM.userShouldSeeAnErrorEmptyMessageOfUsernameAndPassword(StepsLoginCRM.java:101)\r\n\tat ✽.user should see an error empty message of username and password(file:///D:/TestJAVA/JAVA/CucumberCRM/src/test/resources/features/LoginCRM.feature:46)\r\n"},"stage":"finished","description":"  As a user, I want to be able to log into the CRM system\n  So that I can manage customer information","steps":[{"name":"Given  user login page","status":"passed","statusDetails":{"known":false,"muted":false,"flaky":false},"stage":"finished","steps":[{"name":"Open URL: https://crm.anhtester.com/admin/authentication","status":"passed","stage":"finished","steps":[],"attachments":[{"name":"Open URL: https://crm.anhtester.com/admin/authentication","source":"da040704-bb93-4e29-9b68-7b90012dc7c0-attachment","type":"text/plain"}],"parameters":[{"name":"url","value":"https://crm.anhtester.com/admin/authentication"}],"start":1686483199435,"stop":1686483199807},{"name":"Verify Element Visible: By.xpath: //h1[normalize-space()='Login']","status":"passed","stage":"finished","steps":[],"attachments":[],"parameters":[{"name":"by","value":"By.xpath: //h1[normalize-space()='Login']"}],"start":1686483199808,"stop":1686483199895}],"attachments":[],"parameters":[],"start":1686483198534,"stop":1686483199895},{"name":"When  user leave the username field empty","status":"passed","statusDetails":{"known":false,"muted":false,"flaky":false},"stage":"finished","steps":[],"attachments":[],"parameters":[],"start":1686483199897,"stop":1686483199897},{"name":"And  user leave the password field empty","status":"passed","statusDetails":{"known":false,"muted":false,"flaky":false},"stage":"finished","steps":[],"attachments":[],"parameters":[],"start":1686483199898,"stop":1686483199899},{"name":"And  click on the login button","status":"passed","statusDetails":{"known":false,"muted":false,"flaky":false},"stage":"finished","steps":[{"name":"Click element By.xpath: //button[normalize-space()='Login']","status":"passed","stage":"finished","steps":[],"attachments":[],"parameters":[{"name":"by","value":"By.xpath: //button[normalize-space()='Login']"}],"start":1686483199901,"stop":1686483200256}],"attachments":[],"parameters":[],"start":1686483199901,"stop":1686483200256},{"name":"Then  user should see an error empty message of username and password","status":"failed","statusDetails":{"known":false,"muted":false,"flaky":false,"message":"Fail. Not match. 'The Password field is required.' != 'The Email Address field is required.' expected [The Email Address field is required.] but found [The Password field is required.]","trace":"java.lang.AssertionError: Fail. Not match. 'The Password field is required.' != 'The Email Address field is required.' expected [The Email Address field is required.] but found [The Password field is required.]\r\n\tat org.testng.Assert.fail(Assert.java:111)\r\n\tat org.testng.Assert.failNotEquals(Assert.java:1578)\r\n\tat org.testng.Assert.assertEqualsImpl(Assert.java:150)\r\n\tat org.testng.Assert.assertEquals(Assert.java:132)\r\n\tat com.thanh.keywords.WebUI.verifyEquals(WebUI.java:79)\r\n\tat com.thanh.pages.LoginCRMPage.verifyEmptyMessageEmail(LoginCRMPage.java:57)\r\n\tat com.thanh.stepdefinitions.StepsLoginCRM.userShouldSeeAnErrorEmptyMessageOfUsernameAndPassword(StepsLoginCRM.java:101)\r\n\tat ✽.user should see an error empty message of username and password(file:///D:/TestJAVA/JAVA/CucumberCRM/src/test/resources/features/LoginCRM.feature:46)\r\n"},"stage":"finished","steps":[{"name":"Verify Element Visible: By.xpath: //div[@class='alert alert-danger text-center'] and displayed : The empty message not visible","status":"passed","stage":"finished","steps":[],"attachments":[],"parameters":[{"name":"by","value":"By.xpath: //div[@class='alert alert-danger text-center']"},{"name":"message","value":"The empty message not visible"}],"start":1686483200259,"stop":1686483200387},{"name":"Get text of element By.xpath: //div[@class='alert alert-danger text-center']","status":"passed","stage":"finished","steps":[],"attachments":[],"parameters":[{"name":"by","value":"By.xpath: //div[@class='alert alert-danger text-center']"}],"start":1686483200387,"stop":1686483200479},{"name":"Verify Equals: The Password field is required. and The Password field is required.","status":"passed","stage":"finished","steps":[],"attachments":[],"parameters":[{"name":"actual","value":"The Password field is required."},{"name":"expected","value":"The Password field is required."}],"start":1686483200479,"stop":1686483200489},{"name":"Verify Element Visible: By.xpath: //div[@class='alert alert-danger text-center'] and displayed : The empty message not visible","status":"passed","stage":"finished","steps":[],"attachments":[],"parameters":[{"name":"by","value":"By.xpath: //div[@class='alert alert-danger text-center']"},{"name":"message","value":"The empty message not visible"}],"start":1686483200489,"stop":1686483200553},{"name":"Get text of element By.xpath: //div[@class='alert alert-danger text-center']","status":"passed","stage":"finished","steps":[],"attachments":[],"parameters":[{"name":"by","value":"By.xpath: //div[@class='alert alert-danger text-center']"}],"start":1686483200553,"stop":1686483200622},{"name":"Verify Equals: The Password field is required. and The Email Address field is required.","status":"failed","statusDetails":{"known":false,"muted":false,"flaky":false,"message":"Fail. Not match. 'The Password field is required.' != 'The Email Address field is required.' expected [The Email Address field is required.] but found [The Password field is required.]","trace":"java.lang.AssertionError: Fail. Not match. 'The Password field is required.' != 'The Email Address field is required.' expected [The Email Address field is required.] but found [The Password field is required.]\r\n\tat org.testng.Assert.fail(Assert.java:111)\r\n\tat org.testng.Assert.failNotEquals(Assert.java:1578)\r\n\tat org.testng.Assert.assertEqualsImpl(Assert.java:150)\r\n\tat org.testng.Assert.assertEquals(Assert.java:132)\r\n\tat com.thanh.keywords.WebUI.verifyEquals(WebUI.java:79)\r\n\tat com.thanh.pages.LoginCRMPage.verifyEmptyMessageEmail(LoginCRMPage.java:57)\r\n\tat com.thanh.stepdefinitions.StepsLoginCRM.userShouldSeeAnErrorEmptyMessageOfUsernameAndPassword(StepsLoginCRM.java:101)\r\n\tat java.base/jdk.internal.reflect.NativeMethodAccessorImpl.invoke0(Native Method)\r\n\tat java.base/jdk.internal.reflect.NativeMethodAccessorImpl.invoke(NativeMethodAccessorImpl.java:77)\r\n\tat java.base/jdk.internal.reflect.DelegatingMethodAccessorImpl.invoke(DelegatingMethodAccessorImpl.java:43)\r\n\tat java.base/java.lang.reflect.Method.invoke(Method.java:568)\r\n\tat io.cucumber.java.Invoker.doInvoke(Invoker.java:66)\r\n\tat io.cucumber.java.Invoker.invoke(Invoker.java:24)\r\n\tat io.cucumber.java.AbstractGlueDefinition.invokeMethod(AbstractGlueDefinition.java:47)\r\n\tat io.cucumber.java.JavaStepDefinition.execute(JavaStepDefinition.java:29)\r\n\tat io.cucumber.core.runner.CoreStepDefinition.execute(CoreStepDefinition.java:66)\r\n\tat io.cucumber.core.runner.PickleStepDefinitionMatch.runStep(PickleStepDefinitionMatch.java:63)\r\n\tat io.cucumber.core.runner.ExecutionMode$1.execute(ExecutionMode.java:10)\r\n\tat io.cucumber.core.runner.TestStep.executeStep(TestStep.java:84)\r\n\tat io.cucumber.core.runner.TestStep.run(TestStep.java:56)\r\n\tat io.cucumber.core.runner.PickleStepTestStep.run(PickleStepTestStep.java:51)\r\n\tat io.cucumber.core.runner.TestCase.run(TestCase.java:84)\r\n\tat io.cucumber.core.runner.Runner.runPickle(Runner.java:75)\r\n\tat io.cucumber.testng.TestNGCucumberRunner.lambda$runScenario$1(TestNGCucumberRunner.java:132)\r\n\tat io.cucumber.core.runtime.CucumberExecutionContext.lambda$runTestCase$5(CucumberExecutionContext.java:137)\r\n\tat io.cucumber.core.runtime.RethrowingThrowableCollector.executeAndThrow(RethrowingThrowableCollector.java:23)\r\n\tat io.cucumber.core.runtime.CucumberExecutionContext.runTestCase(CucumberExecutionContext.java:137)\r\n\tat io.cucumber.testng.TestNGCucumberRunner.runScenario(TestNGCucumberRunner.java:129)\r\n\tat io.cucumber.testng.AbstractTestNGCucumberTests.runScenario(AbstractTestNGCucumberTests.java:35)\r\n\tat java.base/jdk.internal.reflect.NativeMethodAccessorImpl.invoke0(Native Method)\r\n\tat java.base/jdk.internal.reflect.NativeMethodAccessorImpl.invoke(NativeMethodAccessorImpl.java:77)\r\n\tat java.base/jdk.internal.reflect.DelegatingMethodAccessorImpl.invoke(DelegatingMethodAccessorImpl.java:43)\r\n\tat java.base/java.lang.reflect.Method.invoke(Method.java:568)\r\n\tat org.testng.internal.invokers.MethodInvocationHelper.invokeMethod(MethodInvocationHelper.java:139)\r\n\tat org.testng.internal.invokers.TestInvoker.invokeMethod(TestInvoker.java:664)\r\n\tat org.testng.internal.invokers.TestInvoker.invokeTestMethod(TestInvoker.java:227)\r\n\tat org.testng.internal.invokers.MethodRunner.runInSequence(MethodRunner.java:50)\r\n\tat org.testng.internal.invokers.TestInvoker$MethodInvocationAgent.invoke(TestInvoker.java:957)\r\n\tat org.testng.internal.invokers.TestInvoker.invokeTestMethods(TestInvoker.java:200)\r\n\tat org.testng.internal.invokers.TestMethodWorker.invokeTestMethods(TestMethodWorker.java:148)\r\n\tat org.testng.internal.invokers.TestMethodWorker.run(TestMethodWorker.java:128)\r\n\tat java.base/java.util.ArrayList.forEach(ArrayList.java:1511)\r\n\tat org.testng.TestRunner.privateRun(TestRunner.java:848)\r\n\tat org.testng.TestRunner.run(TestRunner.java:621)\r\n\tat org.testng.SuiteRunner.runTest(SuiteRunner.java:443)\r\n\tat org.testng.SuiteRunner.runSequentially(SuiteRunner.java:437)\r\n\tat org.testng.SuiteRunner.privateRun(SuiteRunner.java:397)\r\n\tat org.testng.SuiteRunner.run(SuiteRunner.java:336)\r\n\tat org.testng.SuiteRunnerWorker.runSuite(SuiteRunnerWorker.java:52)\r\n\tat org.testng.SuiteRunnerWorker.run(SuiteRunnerWorker.java:95)\r\n\tat org.testng.TestNG.runSuitesSequentially(TestNG.java:1280)\r\n\tat org.testng.TestNG.runSuitesLocally(TestNG.java:1200)\r\n\tat org.testng.TestNG.runSuites(TestNG.java:1114)\r\n\tat org.testng.TestNG.run(TestNG.java:1082)\r\n\tat com.intellij.rt.testng.IDEARemoteTestNG.run(IDEARemoteTestNG.java:66)\r\n\tat com.intellij.rt.testng.RemoteTestNGStarter.main(RemoteTestNGStarter.java:105)\r\n"},"stage":"finished","steps":[],"attachments":[],"parameters":[{"name":"actual","value":"The Password field is required."},{"name":"expected","value":"The Email Address field is required."}],"start":1686483200622,"stop":1686483200645}],"attachments":[],"parameters":[],"start":1686483200259,"stop":1686483200651},{"name":"And  stay on the login page","status":"skipped","statusDetails":{"known":false,"muted":false,"flaky":false},"stage":"finished","steps":[],"attachments":[],"parameters":[],"start":1686483200803,"stop":1686483200804}],"attachments":[],"parameters":[],"start":1686483198532,"stop":1686483200981}