{"uuid":"89bbf4e8-a586-4385-a9f2-be233c1a5bf4","historyId":"8c0f8a0f419bf326e9cb1068a90c5814","fullName":"Login to CRM: Forgotten Password","labels":[{"name":"host","value":"LAPTOP-61Q7V37F"},{"name":"thread","value":"14476@LAPTOP-61Q7V37F.main(1)"},{"name":"feature","value":"Login to CRM"},{"name":"story","value":"Forgotten Password"},{"name":"suite","value":"Login to CRM"},{"name":"testClass","value":"Forgotten Password"},{"name":"framework","value":"cucumber4jvm"},{"name":"language","value":"java"},{"name":"gherkin_uri","value":"file:///D:/TestJAVA/JAVA/CucumberCRM/src/test/resources/features/LoginCRM.feature"},{"name":"package","value":"src.test.resources.features.LoginCRM_feature.Login to CRM"}],"links":[],"name":"Forgotten Password","status":"failed","statusDetails":{"known":false,"muted":false,"flaky":false,"message":"Fail. Not match. 'Forgot Password' != 'Forgot Password?' expected [Forgot Password?] but found [Forgot Password]","trace":"java.lang.AssertionError: Fail. Not match. 'Forgot Password' != 'Forgot Password?' expected [Forgot Password?] but found [Forgot Password]\r\n\tat org.testng.Assert.fail(Assert.java:111)\r\n\tat org.testng.Assert.failNotEquals(Assert.java:1578)\r\n\tat org.testng.Assert.assertEqualsImpl(Assert.java:150)\r\n\tat org.testng.Assert.assertEquals(Assert.java:132)\r\n\tat com.thanh.keywords.WebUI.verifyEquals(WebUI.java:79)\r\n\tat com.thanh.stepdefinitions.StepsLoginCRM.userClickOnTheLink(StepsLoginCRM.java:110)\r\n\tat ✽.user click on the \"Forgot Password\" link(file:///D:/TestJAVA/JAVA/CucumberCRM/src/test/resources/features/LoginCRM.feature:52)\r\n"},"stage":"finished","description":"  As a user, I want to be able to log into the CRM system\n  So that I can manage customer information","steps":[{"name":"Given  user login page","status":"passed","statusDetails":{"known":false,"muted":false,"flaky":false},"stage":"finished","steps":[{"name":"Open URL: https://crm.anhtester.com/admin/authentication","status":"passed","stage":"finished","steps":[],"attachments":[{"name":"Open URL: https://crm.anhtester.com/admin/authentication","source":"bb345ac1-333b-4e2a-b1cb-f336ac903ddb-attachment","type":"text/plain"}],"parameters":[{"name":"url","value":"https://crm.anhtester.com/admin/authentication"}],"start":1686483054242,"stop":1686483054561},{"name":"Verify Element Visible: By.xpath: //h1[normalize-space()='Login']","status":"passed","stage":"finished","steps":[],"attachments":[],"parameters":[{"name":"by","value":"By.xpath: //h1[normalize-space()='Login']"}],"start":1686483054561,"stop":1686483054657}],"attachments":[],"parameters":[],"start":1686483053298,"stop":1686483054657},{"name":"And  user have forgotten their password","status":"passed","statusDetails":{"known":false,"muted":false,"flaky":false},"stage":"finished","steps":[],"attachments":[],"parameters":[],"start":1686483054659,"stop":1686483054660},{"name":"When  user click on the \"Forgot Password\" link","status":"failed","statusDetails":{"known":false,"muted":false,"flaky":false,"message":"Fail. Not match. 'Forgot Password' != 'Forgot Password?' expected [Forgot Password?] but found [Forgot Password]","trace":"java.lang.AssertionError: Fail. Not match. 'Forgot Password' != 'Forgot Password?' expected [Forgot Password?] but found [Forgot Password]\r\n\tat org.testng.Assert.fail(Assert.java:111)\r\n\tat org.testng.Assert.failNotEquals(Assert.java:1578)\r\n\tat org.testng.Assert.assertEqualsImpl(Assert.java:150)\r\n\tat org.testng.Assert.assertEquals(Assert.java:132)\r\n\tat com.thanh.keywords.WebUI.verifyEquals(WebUI.java:79)\r\n\tat com.thanh.stepdefinitions.StepsLoginCRM.userClickOnTheLink(StepsLoginCRM.java:110)\r\n\tat ✽.user click on the \"Forgot Password\" link(file:///D:/TestJAVA/JAVA/CucumberCRM/src/test/resources/features/LoginCRM.feature:52)\r\n"},"stage":"finished","steps":[{"name":"Verify Equals: Forgot Password and Forgot Password?","status":"failed","statusDetails":{"known":false,"muted":false,"flaky":false,"message":"Fail. Not match. 'Forgot Password' != 'Forgot Password?' expected [Forgot Password?] but found [Forgot Password]","trace":"java.lang.AssertionError: Fail. Not match. 'Forgot Password' != 'Forgot Password?' expected [Forgot Password?] but found [Forgot Password]\r\n\tat org.testng.Assert.fail(Assert.java:111)\r\n\tat org.testng.Assert.failNotEquals(Assert.java:1578)\r\n\tat org.testng.Assert.assertEqualsImpl(Assert.java:150)\r\n\tat org.testng.Assert.assertEquals(Assert.java:132)\r\n\tat com.thanh.keywords.WebUI.verifyEquals(WebUI.java:79)\r\n\tat com.thanh.stepdefinitions.StepsLoginCRM.userClickOnTheLink(StepsLoginCRM.java:110)\r\n\tat java.base/jdk.internal.reflect.NativeMethodAccessorImpl.invoke0(Native Method)\r\n\tat java.base/jdk.internal.reflect.NativeMethodAccessorImpl.invoke(NativeMethodAccessorImpl.java:77)\r\n\tat java.base/jdk.internal.reflect.DelegatingMethodAccessorImpl.invoke(DelegatingMethodAccessorImpl.java:43)\r\n\tat java.base/java.lang.reflect.Method.invoke(Method.java:568)\r\n\tat io.cucumber.java.Invoker.doInvoke(Invoker.java:66)\r\n\tat io.cucumber.java.Invoker.invoke(Invoker.java:24)\r\n\tat io.cucumber.java.AbstractGlueDefinition.invokeMethod(AbstractGlueDefinition.java:47)\r\n\tat io.cucumber.java.JavaStepDefinition.execute(JavaStepDefinition.java:29)\r\n\tat io.cucumber.core.runner.CoreStepDefinition.execute(CoreStepDefinition.java:66)\r\n\tat io.cucumber.core.runner.PickleStepDefinitionMatch.runStep(PickleStepDefinitionMatch.java:63)\r\n\tat io.cucumber.core.runner.ExecutionMode$1.execute(ExecutionMode.java:10)\r\n\tat io.cucumber.core.runner.TestStep.executeStep(TestStep.java:84)\r\n\tat io.cucumber.core.runner.TestStep.run(TestStep.java:56)\r\n\tat io.cucumber.core.runner.PickleStepTestStep.run(PickleStepTestStep.java:51)\r\n\tat io.cucumber.core.runner.TestCase.run(TestCase.java:84)\r\n\tat io.cucumber.core.runner.Runner.runPickle(Runner.java:75)\r\n\tat io.cucumber.testng.TestNGCucumberRunner.lambda$runScenario$1(TestNGCucumberRunner.java:132)\r\n\tat io.cucumber.core.runtime.CucumberExecutionContext.lambda$runTestCase$5(CucumberExecutionContext.java:137)\r\n\tat io.cucumber.core.runtime.RethrowingThrowableCollector.executeAndThrow(RethrowingThrowableCollector.java:23)\r\n\tat io.cucumber.core.runtime.CucumberExecutionContext.runTestCase(CucumberExecutionContext.java:137)\r\n\tat io.cucumber.testng.TestNGCucumberRunner.runScenario(TestNGCucumberRunner.java:129)\r\n\tat io.cucumber.testng.AbstractTestNGCucumberTests.runScenario(AbstractTestNGCucumberTests.java:35)\r\n\tat java.base/jdk.internal.reflect.NativeMethodAccessorImpl.invoke0(Native Method)\r\n\tat java.base/jdk.internal.reflect.NativeMethodAccessorImpl.invoke(NativeMethodAccessorImpl.java:77)\r\n\tat java.base/jdk.internal.reflect.DelegatingMethodAccessorImpl.invoke(DelegatingMethodAccessorImpl.java:43)\r\n\tat java.base/java.lang.reflect.Method.invoke(Method.java:568)\r\n\tat org.testng.internal.invokers.MethodInvocationHelper.invokeMethod(MethodInvocationHelper.java:139)\r\n\tat org.testng.internal.invokers.TestInvoker.invokeMethod(TestInvoker.java:664)\r\n\tat org.testng.internal.invokers.TestInvoker.invokeTestMethod(TestInvoker.java:227)\r\n\tat org.testng.internal.invokers.MethodRunner.runInSequence(MethodRunner.java:50)\r\n\tat org.testng.internal.invokers.TestInvoker$MethodInvocationAgent.invoke(TestInvoker.java:957)\r\n\tat org.testng.internal.invokers.TestInvoker.invokeTestMethods(TestInvoker.java:200)\r\n\tat org.testng.internal.invokers.TestMethodWorker.invokeTestMethods(TestMethodWorker.java:148)\r\n\tat org.testng.internal.invokers.TestMethodWorker.run(TestMethodWorker.java:128)\r\n\tat java.base/java.util.ArrayList.forEach(ArrayList.java:1511)\r\n\tat org.testng.TestRunner.privateRun(TestRunner.java:848)\r\n\tat org.testng.TestRunner.run(TestRunner.java:621)\r\n\tat org.testng.SuiteRunner.runTest(SuiteRunner.java:443)\r\n\tat org.testng.SuiteRunner.runSequentially(SuiteRunner.java:437)\r\n\tat org.testng.SuiteRunner.privateRun(SuiteRunner.java:397)\r\n\tat org.testng.SuiteRunner.run(SuiteRunner.java:336)\r\n\tat org.testng.SuiteRunnerWorker.runSuite(SuiteRunnerWorker.java:52)\r\n\tat org.testng.SuiteRunnerWorker.run(SuiteRunnerWorker.java:95)\r\n\tat org.testng.TestNG.runSuitesSequentially(TestNG.java:1280)\r\n\tat org.testng.TestNG.runSuitesLocally(TestNG.java:1200)\r\n\tat org.testng.TestNG.runSuites(TestNG.java:1114)\r\n\tat org.testng.TestNG.run(TestNG.java:1082)\r\n\tat com.intellij.rt.testng.IDEARemoteTestNG.run(IDEARemoteTestNG.java:66)\r\n\tat com.intellij.rt.testng.RemoteTestNGStarter.main(RemoteTestNGStarter.java:105)\r\n"},"stage":"finished","steps":[],"attachments":[],"parameters":[{"name":"actual","value":"Forgot Password"},{"name":"expected","value":"Forgot Password?"}],"start":1686483054662,"stop":1686483054673}],"attachments":[],"parameters":[],"start":1686483054661,"stop":1686483054675},{"name":"And  enter email address","status":"skipped","statusDetails":{"known":false,"muted":false,"flaky":false},"stage":"finished","steps":[],"attachments":[],"parameters":[],"start":1686483054879,"stop":1686483054881},{"name":"And  click on the \"Confirm\" button","status":"skipped","statusDetails":{"known":false,"muted":false,"flaky":false},"stage":"finished","steps":[],"attachments":[],"parameters":[],"start":1686483054881,"stop":1686483054882},{"name":"Then  user should receive an email with instructions to reset my password.","status":"skipped","statusDetails":{"known":false,"muted":false,"flaky":false},"stage":"finished","steps":[],"attachments":[],"parameters":[],"start":1686483054882,"stop":1686483054883}],"attachments":[],"parameters":[],"start":1686483053296,"stop":1686483055060}